<?xml version="1.0" encoding="UTF-8"?>
<!-- Generated by org.testng.reporters.JUnitReportReporter -->
<testsuite hostname="LTIN211709" failures="0" tests="2" name="testCases.demo" time="138.711" errors="0" timestamp="2024-02-27T13:28:22 IST" skipped="0">
  <testcase classname="testCases.demo" name="test_title_demo" time="132.792"/>
  <system-out/>
  <testcase classname="testCases.demo" name="test" time="5.919"/>
  <system-out/>
</testsuite> <!-- testCases.demo -->
