<?xml version="1.0" encoding="UTF-8"?>
<!-- Generated by org.testng.reporters.JUnitReportReporter -->
<testsuite hostname="LTIN211709" failures="0" tests="2" name="testCases.listsurgeries" time="28.146" errors="0" timestamp="2024-02-27T13:28:22 IST" skipped="0">
  <testcase classname="testCases.listsurgeries" name="test_title_surgeries" time="24.260"/>
  <system-out/>
  <testcase classname="testCases.listsurgeries" name="test" time="3.886"/>
  <system-out/>
</testsuite> <!-- testCases.listsurgeries -->
